BALANCES b:67 
BALANCES b:67 k:74 
BALANCES a:73 b:67 k:74 
BALANCES a:73 b:67 k:74 l:22 
BALANCES a:73 b:67 f:64 k:74 l:22 
BALANCES a:73 b:7 e:60 f:64 k:74 l:22 
BALANCES a:73 b:7 e:60 f:64 k:87 l:22 
BALANCES a:73 b:7 e:60 f:64 k:87 l:22 x:65 
BALANCES a:73 b:7 e:60 f:84 k:67 l:22 x:65 
BALANCES a:73 b:7 e:60 f:64 k:67 l:22 o:20 x:65 
BALANCES a:73 b:7 e:60 f:64 g:81 k:67 l:22 o:20 x:65 
BALANCES a:73 b:7 e:60 f:64 g:81 i:1 k:67 l:22 o:20 x:65 
BALANCES a:73 b:81 e:60 f:64 g:81 i:1 k:67 l:22 o:20 x:65 
BALANCES a:73 b:81 e:60 f:64 g:81 i:1 j:18 k:67 l:4 o:20 x:65 
BALANCES a:73 b:81 e:60 f:64 g:81 i:1 j:18 k:67 l:4 o:20 x:105 
BALANCES a:73 b:81 e:63 f:64 g:81 i:1 j:18 k:67 l:1 o:20 x:105 
BALANCES a:73 b:81 e:63 f:64 g:81 i:1 j:18 k:67 l:1 o:20 s:61 x:44 
BALANCES a:73 b:81 c:1 e:63 f:64 g:81 i:1 j:18 k:67 l:0 o:20 s:61 x:44 
BALANCES a:73 b:81 c:1 e:63 f:56 g:81 i:1 j:18 k:67 l:0 o:20 q:8 s:61 x:44 
BALANCES a:73 b:81 c:1 e:63 f:56 g:81 i:1 j:18 k:67 l:0 o:47 q:8 s:61 x:44 
BALANCES a:73 b:81 c:1 e:63 f:56 g:81 i:1 j:18 k:60 l:0 o:47 q:8 s:61 v:7 x:44 
BALANCES a:73 b:81 c:1 e:63 f:56 g:81 i:1 j:18 k:60 l:0 o:47 q:8 s:86 v:7 x:44 
BALANCES a:73 b:81 c:1 e:63 f:56 g:81 i:1 j:18 k:60 l:15 o:47 q:8 s:71 v:7 x:44 
BALANCES a:73 b:81 c:1 e:63 f:51 g:81 h:5 i:1 j:18 k:60 l:15 o:47 q:8 s:71 v:7 x:44 
BALANCES a:73 b:81 c:1 e:63 f:51 g:81 h:5 i:1 j:30 k:60 l:3 o:47 q:8 s:71 v:7 x:44 
BALANCES a:73 b:81 c:1 e:63 f:17 g:81 h:5 i:1 j:30 k:60 l:3 m:34 o:47 q:8 s:71 v:7 x:44 
BALANCES a:73 b:81 c:1 e:63 f:17 g:81 h:5 i:1 j:30 k:60 l:3 m:34 o:47 q:8 r:3 s:71 v:7 x:41 
BALANCES a:73 b:81 c:1 e:63 f:17 g:81 h:5 i:1 j:30 k:95 l:3 m:34 o:47 q:8 r:3 s:71 v:7 x:41 
BALANCES a:73 b:81 c:2 e:63 f:17 g:81 h:5 i:1 j:30 k:95 l:3 m:34 o:47 q:8 r:3 s:71 v:7 x:40 
BALANCES a:73 b:81 c:2 e:63 f:17 g:81 h:5 i:1 j:30 k:95 l:3 m:34 o:47 q:8 r:3 s:71 u:61 v:7 x:40 
BALANCES a:73 b:81 c:2 e:63 f:17 g:84 h:5 i:1 j:30 k:95 l:3 m:34 o:47 q:8 r:3 s:71 u:61 v:7 x:37 
BALANCES a:73 b:75 c:2 d:6 e:63 f:17 g:84 h:5 i:1 j:30 k:95 l:3 m:34 o:47 q:8 r:3 s:71 u:61 v:7 x:37 
BALANCES a:73 b:75 c:2 d:6 e:63 f:17 g:84 h:5 i:1 j:30 k:95 l:3 m:34 o:47 q:8 r:3 s:71 u:61 v:7 x:37 y:69 
BALANCES a:73 b:75 c:2 d:2 e:63 f:17 g:84 h:5 i:1 j:30 k:95 l:3 m:38 o:47 q:8 r:3 s:71 u:61 v:7 x:37 y:69 
BALANCES a:73 b:75 c:2 d:2 e:63 f:17 g:84 h:5 i:1 j:30 k:95 l:3 m:38 o:134 q:8 r:3 s:71 u:61 v:7 x:37 y:69 
BALANCES a:73 b:75 c:2 d:2 e:63 f:17 g:84 h:5 i:1 j:30 k:95 l:10 m:38 o:134 q:8 r:3 s:71 u:61 v:0 x:37 y:69 
BALANCES a:73 b:75 c:2 d:2 e:63 f:17 g:84 h:5 i:1 j:7 k:95 l:10 m:38 o:134 q:8 r:26 s:71 u:61 v:0 x:37 y:69 
BALANCES a:73 b:75 c:2 d:2 e:63 f:17 g:84 h:3 i:1 j:7 k:95 l:10 m:38 n:2 o:134 q:8 r:26 s:71 u:61 v:0 x:37 y:69 
BALANCES a:73 b:75 c:2 d:2 e:60 f:17 g:84 h:3 i:1 j:7 k:95 l:10 m:41 n:2 o:134 q:8 r:26 s:71 u:61 v:0 x:37 y:69 
BALANCES a:73 b:75 c:9 d:2 e:60 f:10 g:84 h:3 i:1 j:7 k:95 l:10 m:41 n:2 o:134 q:8 r:26 s:71 u:61 v:0 x:37 y:69 
BALANCES a:73 b:74 c:9 d:2 e:60 f:10 g:84 h:3 i:1 j:7 k:95 l:10 m:41 n:2 o:135 q:8 r:26 s:71 u:61 v:0 x:37 y:69 
BALANCES a:18 b:74 c:9 d:2 e:60 f:10 g:84 h:3 i:1 j:7 k:150 l:10 m:41 n:2 o:135 q:8 r:26 s:71 u:61 v:0 x:37 y:69 
BALANCES a:18 b:74 c:9 d:2 e:60 f:10 g:84 h:3 i:1 j:7 k:150 l:10 m:41 n:2 o:199 q:8 r:26 s:71 u:61 v:0 x:37 y:69 
BALANCES a:18 b:74 c:8 d:2 e:60 f:10 g:84 h:3 i:1 j:7 k:150 l:10 m:41 n:2 o:199 q:8 r:26 s:71 u:61 v:0 x:37 y:70 
BALANCES a:18 b:74 c:8 d:2 e:60 f:10 g:84 h:3 i:18 j:7 k:150 l:10 m:41 n:2 o:199 q:8 r:26 s:71 u:61 v:0 x:37 y:70 
BALANCES a:18 b:74 c:8 d:2 e:60 f:10 g:84 h:3 i:18 j:7 k:150 l:22 m:41 n:2 o:199 q:8 r:26 s:71 u:61 v:0 x:37 y:70 
BALANCES a:18 b:74 c:8 d:2 e:60 f:10 g:84 h:3 i:18 j:7 k:150 l:22 m:41 n:2 o:158 q:8 r:67 s:71 u:61 v:0 x:37 y:70 
BALANCES a:18 b:74 c:8 d:62 e:60 f:10 g:84 h:3 i:18 j:7 k:150 l:22 m:41 n:2 o:158 q:8 r:67 s:71 u:61 v:0 x:37 y:70 
BALANCES a:18 b:74 c:8 d:62 e:60 f:10 g:84 h:3 i:18 j:7 k:150 l:22 m:41 n:2 o:158 q:8 r:67 s:71 t:13 u:61 v:0 x:37 y:57 
BALANCES a:18 b:80 c:8 d:62 e:60 f:10 g:84 h:3 i:12 j:7 k:150 l:22 m:41 n:2 o:158 q:8 r:67 s:71 t:13 u:61 v:0 x:37 y:57 
BALANCES a:18 b:80 c:8 d:62 e:60 f:10 g:84 h:3 i:12 j:7 k:150 l:14 m:41 n:2 o:158 q:8 r:67 s:71 t:13 u:61 v:0 x:37 y:57 z:8 
BALANCES a:18 b:80 c:8 d:62 e:60 f:10 g:84 h:3 i:12 j:7 k:150 l:14 m:41 n:2 o:158 q:8 r:67 s:71 t:13 u:61 v:0 x:37 y:141 z:8 
BALANCES a:18 b:80 c:34 d:62 e:60 f:10 g:84 h:3 i:12 j:7 k:150 l:14 m:41 n:2 o:158 q:8 r:67 s:45 t:13 u:61 v:0 x:37 y:141 z:8 
BALANCES a:18 b:80 c:34 d:62 e:60 f:10 g:84 h:3 i:12 j:7 k:150 l:14 m:62 n:2 o:158 q:8 r:67 s:45 t:13 u:61 v:0 x:37 y:141 z:8 
BALANCES a:18 b:80 c:34 d:62 e:60 f:10 g:152 h:3 i:12 j:7 k:150 l:14 m:62 n:2 o:158 q:8 r:67 s:45 t:13 u:61 v:0 x:37 y:141 z:8 
BALANCES a:18 b:80 c:34 d:62 e:60 f:10 g:152 h:3 i:12 j:7 k:150 l:14 m:79 n:2 o:158 q:8 r:67 s:45 t:13 u:44 v:0 x:37 y:141 z:8 
BALANCES a:18 b:80 c:34 d:62 e:60 f:10 g:152 h:3 i:12 j:7 k:150 l:14 m:79 n:2 o:158 q:8 r:67 s:45 t:13 u:44 v:40 x:37 y:141 z:8 
BALANCES a:18 b:80 c:34 d:62 e:60 f:10 g:152 h:3 i:12 j:7 k:150 l:14 m:79 n:1 o:158 q:8 r:67 s:45 t:14 u:44 v:40 x:37 y:141 z:8 
BALANCES a:18 b:85 c:34 d:62 e:60 f:10 g:152 h:3 i:7 j:7 k:150 l:14 m:79 n:1 o:158 q:8 r:67 s:45 t:14 u:44 v:40 x:37 y:141 z:8 
BALANCES a:18 b:85 c:34 d:68 e:60 f:10 g:152 h:3 i:7 j:7 k:150 l:8 m:79 n:1 o:158 q:8 r:67 s:45 t:14 u:44 v:40 x:37 y:141 z:8 
BALANCES a:18 b:85 c:34 d:64 e:60 f:14 g:152 h:3 i:7 j:7 k:150 l:8 m:79 n:1 o:158 q:8 r:67 s:45 t:14 u:44 v:40 x:37 y:141 z:8 
BALANCES a:18 b:85 c:34 d:64 e:26 f:14 g:152 h:3 i:7 j:7 k:150 l:8 m:79 n:1 o:192 q:8 r:67 s:45 t:14 u:44 v:40 x:37 y:141 z:8 
BALANCES a:18 b:85 c:34 d:64 e:26 f:14 g:152 h:3 i:7 j:7 k:150 l:8 m:79 n:1 o:192 q:8 r:111 s:45 t:14 u:0 v:40 x:37 y:141 z:8 
BALANCES a:18 b:85 c:33 d:64 e:26 f:14 g:152 h:3 i:7 j:7 k:151 l:8 m:79 n:1 o:192 q:8 r:111 s:45 t:14 u:0 v:40 x:37 y:141 z:8 
BALANCES a:18 b:85 c:33 d:64 e:26 f:9 g:152 h:3 i:7 j:7 k:151 l:8 m:79 n:1 o:192 q:8 r:111 s:45 t:14 u:5 v:40 x:37 y:141 z:8 
BALANCES a:18 b:85 c:92 d:64 e:26 f:9 g:152 h:3 i:7 j:7 k:151 l:8 m:79 n:1 o:192 q:8 r:52 s:45 t:14 u:5 v:40 x:37 y:141 z:8 
BALANCES a:18 b:85 c:92 d:64 e:26 f:9 g:152 h:3 i:7 j:7 k:151 l:8 m:36 n:1 o:192 q:8 r:95 s:45 t:14 u:5 v:40 x:37 y:141 z:8 
BALANCES a:18 b:85 c:92 d:64 e:26 f:9 g:207 h:3 i:7 j:7 k:151 l:8 m:36 n:1 o:192 q:8 r:95 s:45 t:14 u:5 v:40 x:37 y:141 z:8 
BALANCES a:18 b:85 c:92 d:64 e:26 f:50 g:207 h:3 i:7 j:7 k:151 l:8 m:36 n:1 o:151 q:8 r:95 s:45 t:14 u:5 v:40 x:37 y:141 z:8 
BALANCES a:18 b:87 c:92 d:64 e:26 f:50 g:207 h:3 i:7 j:7 k:151 l:6 m:36 n:1 o:151 q:8 r:95 s:45 t:14 u:5 v:40 x:37 y:141 z:8 
BALANCES a:18 b:87 c:92 d:67 e:26 f:50 g:207 h:3 i:7 j:7 k:151 l:6 m:36 n:1 o:151 q:8 r:95 s:45 t:14 u:5 v:40 x:37 y:141 z:8 
BALANCES a:18 b:87 c:92 d:67 e:26 f:50 g:207 h:3 i:7 j:7 k:151 l:6 m:34 n:1 o:151 q:8 r:95 s:45 t:14 u:5 v:40 x:37 y:143 z:8 
BALANCES a:18 b:87 c:92 d:67 e:26 f:98 g:207 h:3 i:7 j:7 k:151 l:6 m:34 n:1 o:151 q:8 r:95 s:45 t:14 u:5 v:40 x:37 y:143 z:8 
BALANCES a:18 b:87 c:88 d:67 e:26 f:98 g:207 h:3 i:7 j:7 k:151 l:6 m:34 n:1 o:151 q:8 r:95 s:45 t:14 u:5 v:44 x:37 y:143 z:8 
BALANCES a:18 b:87 c:88 d:67 e:26 f:98 g:207 h:3 i:7 j:7 k:151 l:6 m:34 n:1 o:151 p:6 q:8 r:95 s:39 t:14 u:5 v:44 x:37 y:143 z:8 
BALANCES a:18 b:87 c:88 d:67 e:26 f:96 g:207 h:3 i:7 j:7 k:151 l:6 m:34 n:1 o:151 p:6 q:8 r:95 s:39 t:14 u:7 v:44 x:37 y:143 z:8 
BALANCES a:18 b:87 c:88 d:67 e:26 f:96 g:207 h:3 i:7 j:7 k:151 l:6 m:34 n:1 o:151 p:6 q:22 r:95 s:39 t:14 u:7 v:44 x:23 y:143 z:8 
BALANCES a:19 b:87 c:88 d:67 e:26 f:96 g:207 h:3 i:7 j:7 k:151 l:5 m:34 n:1 o:151 p:6 q:22 r:95 s:39 t:14 u:7 v:44 x:23 y:143 z:8 
BALANCES a:19 b:175 c:88 d:67 e:26 f:96 g:207 h:3 i:7 j:7 k:151 l:5 m:34 n:1 o:151 p:6 q:22 r:95 s:39 t:14 u:7 v:44 x:23 y:143 z:8 
BALANCES a:19 b:218 c:88 d:67 e:26 f:96 g:207 h:3 i:7 j:7 k:151 l:5 m:34 n:1 o:151 p:6 q:22 r:95 s:39 t:14 u:7 v:44 x:23 y:100 z:8 
BALANCES a:19 b:218 c:88 d:67 e:26 f:96 g:201 h:3 i:13 j:7 k:151 l:5 m:34 n:1 o:151 p:6 q:22 r:95 s:39 t:14 u:7 v:44 x:23 y:100 z:8 
BALANCES a:19 b:218 c:88 d:67 e:26 f:96 g:201 h:3 i:13 j:7 k:151 l:5 m:34 n:1 o:151 p:6 q:22 r:95 s:42 t:14 u:7 v:44 x:23 y:97 z:8 
BALANCES a:19 b:218 c:88 d:67 e:26 f:96 g:201 h:3 i:13 j:7 k:151 l:5 m:34 n:1 o:228 p:6 q:22 r:95 s:42 t:14 u:7 v:44 x:23 y:97 z:8 
BALANCES a:19 b:221 c:85 d:67 e:26 f:96 g:201 h:3 i:13 j:7 k:151 l:5 m:34 n:1 o:228 p:6 q:22 r:95 s:42 t:14 u:7 v:44 x:23 y:97 z:8 
BALANCES a:19 b:221 c:85 d:67 e:26 f:96 g:201 h:3 i:13 j:7 k:151 l:5 m:34 n:1 o:260 p:6 q:22 r:95 s:42 t:14 u:7 v:44 x:23 y:97 z:8 
BALANCES a:19 b:221 c:85 d:67 e:26 f:96 g:201 h:3 i:13 j:7 k:151 l:5 m:34 n:1 o:260 p:6 q:22 r:95 s:42 t:14 u:76 v:44 x:23 y:97 z:8 
BALANCES a:19 b:221 c:85 d:67 e:26 f:96 g:201 h:3 i:6 j:7 k:151 l:5 m:34 n:1 o:260 p:6 q:22 r:95 s:42 t:14 u:76 v:44 x:23 y:104 z:8 
BALANCES a:19 b:221 c:97 d:67 e:26 f:84 g:201 h:3 i:6 j:7 k:151 l:5 m:34 n:1 o:260 p:6 q:22 r:95 s:42 t:14 u:76 v:44 x:23 y:104 z:8 
BALANCES a:19 b:221 c:97 d:67 e:26 f:84 g:201 h:3 i:6 j:7 k:151 l:5 m:34 n:1 o:238 p:6 q:44 r:95 s:42 t:14 u:76 v:44 x:23 y:104 z:8 
BALANCES a:19 b:221 c:100 d:67 e:26 f:84 g:201 h:0 i:6 j:7 k:151 l:5 m:34 n:1 o:238 p:6 q:44 r:95 s:42 t:14 u:76 v:44 x:23 y:104 z:8 
BALANCES a:19 b:221 c:100 d:67 e:43 f:84 g:201 h:0 i:6 j:7 k:151 l:5 m:17 n:1 o:238 p:6 q:44 r:95 s:42 t:14 u:76 v:44 x:23 y:104 z:8 
BALANCES a:19 b:166 c:100 d:67 e:43 f:84 g:201 h:0 i:6 j:7 k:151 l:5 m:17 n:1 o:238 p:6 q:44 r:95 s:42 t:14 u:131 v:44 x:23 y:104 z:8 
BALANCES a:19 b:166 c:100 d:67 e:43 f:84 g:201 h:29 i:6 j:7 k:122 l:5 m:17 n:1 o:238 p:6 q:44 r:95 s:42 t:14 u:131 v:44 x:23 y:104 z:8 
BALANCES a:19 b:166 c:97 d:67 e:43 f:84 g:201 h:29 i:6 j:7 k:122 l:5 m:17 n:1 o:238 p:6 q:44 r:95 s:42 t:14 u:131 v:44 x:26 y:104 z:8 
BALANCES a:19 b:166 c:97 d:67 e:113 f:84 g:201 h:29 i:6 j:7 k:122 l:5 m:17 n:1 o:238 p:6 q:44 r:95 s:42 t:14 u:131 v:44 x:26 y:34 z:8 
BALANCES a:19 b:166 c:97 d:67 e:113 f:84 g:201 h:29 i:6 j:7 k:122 l:5 m:17 n:1 o:238 p:6 q:44 r:95 s:42 t:14 u:131 v:44 x:48 y:34 z:8 
BALANCES a:19 b:166 c:97 d:67 e:113 f:84 g:201 h:29 i:6 j:7 k:122 l:5 m:17 n:1 o:238 p:6 q:44 r:95 s:105 t:14 u:131 v:44 x:48 y:34 z:8 
BALANCES a:19 b:166 c:97 d:67 e:113 f:84 g:201 h:29 i:6 j:8 k:122 l:5 m:17 n:1 o:237 p:6 q:44 r:95 s:105 t:14 u:131 v:44 x:48 y:34 z:8 
BALANCES a:19 b:166 c:97 d:67 e:113 f:84 g:201 h:29 i:7 j:8 k:122 l:5 m:17 n:1 o:237 p:6 q:44 r:95 s:105 t:14 u:131 v:44 x:47 y:34 z:8 
BALANCES a:19 b:166 c:97 d:67 e:113 f:84 g:201 h:29 i:7 j:5 k:122 l:5 m:20 n:1 o:237 p:6 q:44 r:95 s:105 t:14 u:131 v:44 x:47 y:34 z:8 
BALANCES a:19 b:166 c:84 d:67 e:113 f:84 g:201 h:29 i:7 j:5 k:122 l:5 m:20 n:1 o:237 p:6 q:44 r:95 s:105 t:14 u:131 v:44 x:60 y:34 z:8 
BALANCES a:19 b:166 c:84 d:67 e:113 f:84 g:201 h:29 i:7 j:5 k:94 l:5 m:20 n:1 o:237 p:6 q:44 r:95 s:105 t:14 u:131 v:44 x:88 y:34 z:8 
BALANCES a:19 b:166 c:84 d:67 e:113 f:84 g:201 h:29 i:7 j:5 k:94 l:5 m:20 n:1 o:237 p:6 q:44 r:72 s:105 t:14 u:131 v:44 w:23 x:88 y:34 z:8 
BALANCES a:19 b:166 c:84 d:67 e:113 f:84 g:201 h:29 i:7 j:3 k:94 l:5 m:20 n:1 o:237 p:6 q:44 r:72 s:105 t:16 u:131 v:44 w:23 x:88 y:34 z:8 
BALANCES a:19 b:166 c:84 d:67 e:109 f:84 g:201 h:29 i:7 j:3 k:94 l:5 m:20 n:1 o:237 p:6 q:44 r:76 s:105 t:16 u:131 v:44 w:23 x:88 y:34 z:8 
BALANCES a:19 b:166 c:84 d:67 e:109 f:84 g:201 h:29 i:7 j:3 k:94 l:5 m:20 n:1 o:237 p:6 q:44 r:76 s:105 t:16 u:131 v:44 w:116 x:88 y:34 z:8 
BALANCES a:19 b:166 c:84 d:67 e:109 f:84 g:201 h:29 i:7 j:3 k:94 l:5 m:62 n:1 o:237 p:6 q:44 r:76 s:105 t:16 u:131 v:44 w:116 x:46 y:34 z:8 
BALANCES a:19 b:166 c:84 d:67 e:109 f:84 g:201 h:29 i:7 j:3 k:90 l:5 m:62 n:1 o:237 p:6 q:44 r:76 s:105 t:16 u:131 v:44 w:116 x:46 y:34 z:12 
BALANCES a:19 b:166 c:84 d:67 e:109 f:84 g:201 h:29 i:7 j:3 k:90 l:5 m:62 n:1 o:237 p:6 q:44 r:76 s:105 t:15 u:131 v:44 w:117 x:46 y:34 z:12 
BALANCES a:19 b:166 c:84 d:67 e:109 f:84 g:201 h:29 i:7 j:3 k:46 l:5 m:62 n:45 o:237 p:6 q:44 r:76 s:105 t:15 u:131 v:44 w:117 x:46 y:34 z:12 
BALANCES a:19 b:166 c:84 d:67 e:109 f:84 g:201 h:29 i:7 j:3 k:46 l:5 m:62 n:45 o:237 p:6 q:44 r:76 s:105 t:15 u:131 v:44 w:151 x:46 y:34 z:12 
BALANCES a:19 b:166 c:83 d:67 e:109 f:84 g:201 h:29 i:7 j:3 k:46 l:5 m:63 n:45 o:237 p:6 q:44 r:76 s:105 t:15 u:131 v:44 w:151 x:46 y:34 z:12 
BALANCES a:19 b:166 c:83 d:67 e:109 f:84 g:201 h:29 i:7 j:3 k:46 l:5 m:63 n:45 o:166 p:6 q:44 r:147 s:105 t:15 u:131 v:44 w:151 x:46 y:34 z:12 
BALANCES a:19 b:166 c:83 d:96 e:109 f:84 g:201 h:29 i:7 j:3 k:46 l:5 m:63 n:45 o:166 p:6 q:44 r:118 s:105 t:15 u:131 v:44 w:151 x:46 y:34 z:12 
BALANCES a:19 b:166 c:83 d:96 e:105 f:84 g:201 h:29 i:11 j:3 k:46 l:5 m:63 n:45 o:166 p:6 q:44 r:118 s:105 t:15 u:131 v:44 w:151 x:46 y:34 z:12 
BALANCES a:19 b:166 c:83 d:96 e:105 f:84 g:201 h:29 i:2 j:3 k:46 l:5 m:63 n:45 o:166 p:6 q:44 r:118 s:105 t:15 u:131 v:44 w:151 x:55 y:34 z:12 
BALANCES a:19 b:166 c:83 d:96 e:105 f:85 g:201 h:29 i:1 j:3 k:46 l:5 m:63 n:45 o:166 p:6 q:44 r:118 s:105 t:15 u:131 v:44 w:151 x:55 y:34 z:12 
BALANCES a:19 b:166 c:83 d:96 e:105 f:85 g:201 h:29 i:0 j:3 k:46 l:5 m:63 n:45 o:166 p:6 q:44 r:118 s:105 t:16 u:131 v:44 w:151 x:55 y:34 z:12 
BALANCES a:19 b:166 c:83 d:86 e:105 f:85 g:201 h:29 i:0 j:3 k:46 l:5 m:63 n:45 o:166 p:6 q:54 r:118 s:105 t:16 u:131 v:44 w:151 x:55 y:34 z:12 
BALANCES a:19 b:166 c:83 d:86 e:105 f:47 g:201 h:29 i:0 j:3 k:46 l:5 m:63 n:45 o:166 p:6 q:92 r:118 s:105 t:16 u:131 v:44 w:151 x:55 y:34 z:12 
BALANCES a:19 b:166 c:83 d:86 e:105 f:47 g:201 h:29 i:0 j:3 k:46 l:5 m:63 n:45 o:166 p:6 q:92 r:118 s:105 t:16 u:131 v:44 w:243 x:55 y:34 z:12 
BALANCES a:19 b:166 c:83 d:86 e:105 f:47 g:201 h:29 i:0 j:3 k:46 l:5 m:63 n:45 o:166 p:6 q:92 r:118 s:105 t:16 u:131 v:48 w:243 x:55 y:34 z:8 
BALANCES a:19 b:166 c:137 d:86 e:105 f:47 g:201 h:29 i:0 j:3 k:46 l:5 m:63 n:45 o:166 p:6 q:92 r:118 s:105 t:16 u:131 v:48 w:243 x:55 y:34 z:8 
BALANCES a:19 b:166 c:137 d:86 e:100 f:47 g:206 h:29 i:0 j:3 k:46 l:5 m:63 n:45 o:166 p:6 q:92 r:118 s:105 t:16 u:131 v:48 w:243 x:55 y:34 z:8 
BALANCES a:53 b:166 c:137 d:86 e:66 f:47 g:206 h:29 i:0 j:3 k:46 l:5 m:63 n:45 o:166 p:6 q:92 r:118 s:105 t:16 u:131 v:48 w:243 x:55 y:34 z:8 
BALANCES a:53 b:166 c:145 d:86 e:66 f:47 g:206 h:29 i:0 j:3 k:46 l:5 m:63 n:45 o:166 p:6 q:84 r:118 s:105 t:16 u:131 v:48 w:243 x:55 y:34 z:8 
BALANCES a:53 b:166 c:145 d:86 e:66 f:47 g:206 h:29 i:0 j:3 k:46 l:66 m:63 n:45 o:166 p:6 q:84 r:118 s:105 t:16 u:70 v:48 w:243 x:55 y:34 z:8 
BALANCES a:53 b:166 c:145 d:86 e:66 f:47 g:206 h:29 i:0 j:3 k:46 l:66 m:63 n:45 o:166 p:6 q:84 r:118 s:105 t:16 u:70 v:48 w:246 x:55 y:34 z:5 
BALANCES a:53 b:166 c:145 d:86 e:66 f:47 g:184 h:29 i:0 j:3 k:46 l:66 m:63 n:45 o:166 p:6 q:84 r:118 s:105 t:38 u:70 v:48 w:246 x:55 y:34 z:5 
BALANCES a:53 b:166 c:145 d:86 e:66 f:47 g:184 h:29 i:0 j:3 k:46 l:66 m:63 n:45 o:166 p:6 q:85 r:118 s:105 t:38 u:70 v:47 w:246 x:55 y:34 z:5 
BALANCES a:53 b:166 c:145 d:86 e:66 f:47 g:184 h:29 i:0 j:3 k:46 l:66 m:63 n:45 o:166 p:6 q:96 r:118 s:105 t:38 u:70 v:47 w:246 x:55 y:23 z:5 
BALANCES a:53 b:166 c:145 d:86 e:66 f:47 g:184 h:29 i:0 j:3 k:46 l:66 m:63 n:45 o:166 p:70 q:96 r:118 s:105 t:38 u:70 v:47 w:246 x:55 y:23 z:5 
BALANCES a:53 b:166 c:145 d:86 e:66 f:47 g:184 h:29 i:0 j:3 k:46 l:66 m:58 n:45 o:166 p:70 q:96 r:118 s:105 t:38 u:75 v:47 w:246 x:55 y:23 z:5 
BALANCES a:53 b:166 c:145 d:86 e:68 f:47 g:184 h:29 i:0 j:3 k:46 l:66 m:58 n:45 o:166 p:70 q:96 r:116 s:105 t:38 u:75 v:47 w:246 x:55 y:23 z:5 
BALANCES a:53 b:166 c:145 d:29 e:68 f:47 g:184 h:29 i:0 j:3 k:46 l:66 m:58 n:45 o:166 p:70 q:153 r:116 s:105 t:38 u:75 v:47 w:246 x:55 y:23 z:5 
BALANCES a:53 b:166 c:145 d:29 e:68 f:47 g:184 h:29 i:0 j:3 k:46 l:66 m:59 n:45 o:166 p:70 q:153 r:116 s:105 t:38 u:74 v:47 w:246 x:55 y:23 z:5 
BALANCES a:53 b:171 c:145 d:29 e:68 f:47 g:184 h:29 i:0 j:3 k:46 l:66 m:59 n:45 o:166 p:70 q:153 r:116 s:100 t:38 u:74 v:47 w:246 x:55 y:23 z:5 
BALANCES a:53 b:171 c:145 d:29 e:68 f:47 g:184 h:1 i:0 j:3 k:74 l:66 m:59 n:45 o:166 p:70 q:153 r:116 s:100 t:38 u:74 v:47 w:246 x:55 y:23 z:5 
BALANCES a:53 b:171 c:65 d:29 e:68 f:47 g:184 h:1 i:0 j:3 k:154 l:66 m:59 n:45 o:166 p:70 q:153 r:116 s:100 t:38 u:74 v:47 w:246 x:55 y:23 z:5 
BALANCES a:53 b:171 c:65 d:29 e:68 f:47 g:184 h:1 i:0 j:3 k:154 l:66 m:59 n:45 o:166 p:70 q:153 r:116 s:100 t:38 u:74 v:47 w:246 x:55 y:23 z:6 
BALANCES a:53 b:171 c:65 d:29 e:68 f:47 g:184 h:1 i:0 j:3 k:154 l:66 m:59 n:45 o:166 p:70 q:153 r:116 s:26 t:38 u:74 v:47 w:246 x:129 y:23 z:6 
BALANCES a:53 b:171 c:65 d:29 e:68 f:47 g:184 h:1 i:0 j:3 k:154 l:29 m:59 n:45 o:166 p:107 q:153 r:116 s:26 t:38 u:74 v:47 w:246 x:129 y:23 z:6 
BALANCES a:53 b:171 c:50 d:29 e:68 f:47 g:184 h:1 i:0 j:3 k:154 l:29 m:74 n:45 o:166 p:107 q:153 r:116 s:26 t:38 u:74 v:47 w:246 x:129 y:23 z:6 
BALANCES a:125 b:99 c:50 d:29 e:68 f:47 g:184 h:1 i:0 j:3 k:154 l:29 m:74 n:45 o:166 p:107 q:153 r:116 s:26 t:38 u:74 v:47 w:246 x:129 y:23 z:6 
BALANCES a:125 b:99 c:50 d:29 e:68 f:47 g:184 h:0 i:0 j:3 k:154 l:29 m:74 n:45 o:166 p:107 q:153 r:116 s:26 t:38 u:74 v:47 w:246 x:129 y:24 z:6 
BALANCES a:125 b:99 c:50 d:29 e:68 f:47 g:184 h:0 i:0 j:5 k:154 l:29 m:74 n:45 o:166 p:107 q:153 r:116 s:26 t:38 u:74 v:47 w:246 x:129 y:24 z:4 
BALANCES a:125 b:99 c:50 d:29 e:68 f:47 g:184 h:0 i:0 j:5 k:154 l:29 m:74 n:45 o:166 p:107 q:153 r:116 s:26 t:38 u:74 v:48 w:246 x:129 y:24 z:3 
BALANCES a:125 b:99 c:50 d:29 e:68 f:47 g:184 h:0 i:0 j:5 k:155 l:29 m:74 n:45 o:166 p:107 q:153 r:116 s:26 t:38 u:74 v:47 w:246 x:129 y:24 z:3 
BALANCES a:125 b:99 c:50 d:29 e:68 f:47 g:184 h:0 i:0 j:4 k:155 l:29 m:74 n:45 o:167 p:107 q:153 r:116 s:26 t:38 u:74 v:47 w:246 x:129 y:24 z:3 
BALANCES a:125 b:99 c:95 d:29 e:68 f:47 g:184 h:0 i:0 j:4 k:155 l:29 m:29 n:45 o:167 p:107 q:153 r:116 s:26 t:38 u:74 v:47 w:246 x:129 y:24 z:3 
BALANCES a:125 b:96 c:95 d:29 e:68 f:47 g:184 h:0 i:0 j:4 k:155 l:29 m:29 n:45 o:170 p:107 q:153 r:116 s:26 t:38 u:74 v:47 w:246 x:129 y:24 z:3 
BALANCES a:125 b:96 c:95 d:29 e:68 f:47 g:184 h:11 i:0 j:4 k:144 l:29 m:29 n:45 o:170 p:107 q:153 r:116 s:26 t:38 u:74 v:47 w:246 x:129 y:24 z:3 
BALANCES a:125 b:96 c:95 d:29 e:68 f:47 g:184 h:11 i:0 j:4 k:144 l:29 m:29 n:45 o:170 p:107 q:153 r:140 s:26 t:38 u:74 v:47 w:246 x:129 y:24 z:3 
BALANCES a:125 b:96 c:95 d:29 e:68 f:47 g:184 h:11 i:0 j:4 k:144 l:29 m:29 n:45 o:192 p:107 q:153 r:118 s:26 t:38 u:74 v:47 w:246 x:129 y:24 z:3 
BALANCES a:131 b:96 c:95 d:29 e:68 f:47 g:184 h:11 i:0 j:4 k:144 l:29 m:29 n:45 o:192 p:107 q:147 r:118 s:26 t:38 u:74 v:47 w:246 x:129 y:24 z:3 
BALANCES a:131 b:96 c:95 d:29 e:68 f:47 g:184 h:11 i:0 j:4 k:144 l:29 m:29 n:45 o:192 p:115 q:147 r:118 s:18 t:38 u:74 v:47 w:246 x:129 y:24 z:3 
BALANCES a:131 b:96 c:95 d:29 e:68 f:89 g:142 h:11 i:0 j:4 k:144 l:29 m:29 n:45 o:192 p:115 q:147 r:118 s:18 t:38 u:74 v:47 w:246 x:129 y:24 z:3 
BALANCES a:131 b:96 c:95 d:29 e:68 f:89 g:142 h:11 i:0 j:4 k:144 l:29 m:18 n:45 o:192 p:115 q:147 r:118 s:18 t:38 u:74 v:58 w:246 x:129 y:24 z:3 
BALANCES a:131 b:96 c:95 d:29 e:68 f:89 g:142 h:11 i:0 j:4 k:144 l:29 m:18 n:45 o:83 p:115 q:147 r:118 s:18 t:38 u:183 v:58 w:246 x:129 y:24 z:3 
BALANCES a:131 b:96 c:95 d:29 e:68 f:89 g:142 h:11 i:0 j:4 k:144 l:29 m:3 n:45 o:83 p:115 q:162 r:118 s:18 t:38 u:183 v:58 w:246 x:129 y:24 z:3 
BALANCES a:131 b:87 c:95 d:29 e:68 f:89 g:142 h:11 i:0 j:4 k:144 l:29 m:3 n:45 o:92 p:115 q:162 r:118 s:18 t:38 u:183 v:58 w:246 x:129 y:24 z:3 
BALANCES a:133 b:85 c:95 d:29 e:68 f:89 g:142 h:11 i:0 j:4 k:144 l:29 m:3 n:45 o:92 p:115 q:162 r:118 s:18 t:38 u:183 v:58 w:246 x:129 y:24 z:3 
BALANCES a:133 b:85 c:126 d:29 e:68 f:89 g:142 h:11 i:0 j:4 k:144 l:29 m:3 n:45 o:61 p:115 q:162 r:118 s:18 t:38 u:183 v:58 w:246 x:129 y:24 z:3 
BALANCES a:133 b:85 c:126 d:29 e:68 f:89 g:142 h:11 i:0 j:6 k:144 l:29 m:3 n:45 o:61 p:115 q:162 r:118 s:18 t:36 u:183 v:58 w:246 x:129 y:24 z:3 
BALANCES a:133 b:85 c:126 d:29 e:68 f:89 g:142 h:11 i:0 j:6 k:144 l:26 m:3 n:45 o:61 p:118 q:162 r:118 s:18 t:36 u:183 v:58 w:246 x:129 y:24 z:3 
BALANCES a:133 b:85 c:126 d:29 e:66 f:89 g:142 h:11 i:0 j:6 k:144 l:26 m:3 n:45 o:61 p:118 q:162 r:118 s:18 t:36 u:183 v:58 w:246 x:131 y:24 z:3 
BALANCES a:133 b:85 c:124 d:29 e:66 f:89 g:142 h:11 i:0 j:6 k:144 l:26 m:3 n:45 o:61 p:118 q:162 r:118 s:18 t:36 u:183 v:58 w:248 x:131 y:24 z:3 
BALANCES a:133 b:85 c:124 d:29 e:66 f:89 g:142 h:11 i:0 j:6 k:144 l:26 m:3 n:134 o:61 p:118 q:162 r:118 s:18 t:36 u:183 v:58 w:248 x:131 y:24 z:3 
BALANCES a:133 b:85 c:124 d:29 e:66 f:89 g:142 h:12 i:0 j:5 k:144 l:26 m:3 n:134 o:61 p:118 q:162 r:118 s:18 t:36 u:183 v:58 w:248 x:131 y:24 z:3 
BALANCES a:60 b:85 c:124 d:29 e:66 f:89 g:142 h:12 i:0 j:5 k:144 l:26 m:76 n:134 o:61 p:118 q:162 r:118 s:18 t:36 u:183 v:58 w:248 x:131 y:24 z:3 
BALANCES a:60 b:85 c:124 d:29 e:66 f:89 g:138 h:12 i:0 j:5 k:144 l:26 m:76 n:134 o:61 p:118 q:162 r:118 s:18 t:36 u:183 v:62 w:248 x:131 y:24 z:3 
BALANCES a:60 b:85 c:124 d:29 e:66 f:146 g:138 h:12 i:0 j:5 k:144 l:26 m:76 n:134 o:61 p:118 q:162 r:118 s:18 t:36 u:183 v:62 w:248 x:131 y:24 z:3 
BALANCES a:60 b:85 c:124 d:29 e:66 f:146 g:138 h:12 i:0 j:5 k:144 l:26 m:55 n:134 o:61 p:118 q:162 r:118 s:18 t:57 u:183 v:62 w:248 x:131 y:24 z:3 
BALANCES a:60 b:85 c:124 d:29 e:66 f:146 g:185 h:12 i:0 j:5 k:144 l:26 m:55 n:134 o:61 p:118 q:115 r:118 s:18 t:57 u:183 v:62 w:248 x:131 y:24 z:3 
BALANCES a:60 b:85 c:124 d:29 e:66 f:146 g:185 h:12 i:0 j:5 k:144 l:26 m:55 n:134 o:61 p:118 q:115 r:118 s:18 t:55 u:185 v:62 w:248 x:131 y:24 z:3 
BALANCES a:60 b:85 c:124 d:29 e:66 f:146 g:185 h:12 i:0 j:5 k:144 l:59 m:55 n:134 o:61 p:118 q:115 r:118 s:18 t:55 u:185 v:62 w:248 x:131 y:24 z:3 
BALANCES a:60 b:85 c:124 d:29 e:66 f:146 g:185 h:12 i:0 j:5 k:144 l:59 m:55 n:134 o:61 p:118 q:115 r:118 s:18 t:45 u:185 v:62 w:258 x:131 y:24 z:3 
BALANCES a:60 b:85 c:124 d:29 e:66 f:146 g:185 h:12 i:0 j:4 k:144 l:59 m:55 n:134 o:61 p:118 q:115 r:118 s:18 t:45 u:186 v:62 w:258 x:131 y:24 z:3 
BALANCES a:60 b:85 c:124 d:29 e:66 f:146 g:185 h:12 i:0 j:4 k:144 l:59 m:146 n:134 o:61 p:118 q:115 r:118 s:18 t:45 u:186 v:62 w:258 x:40 y:24 z:3 
BALANCES a:60 b:85 c:124 d:29 e:66 f:146 g:185 h:12 i:0 j:80 k:144 l:59 m:146 n:134 o:61 p:118 q:115 r:118 s:18 t:45 u:186 v:62 w:258 x:40 y:24 z:3 
BALANCES a:60 b:85 c:124 d:29 e:66 f:146 g:185 h:12 i:0 j:239 k:144 l:59 m:146 n:134 o:61 p:118 q:115 r:118 s:18 t:45 u:27 v:62 w:258 x:40 y:24 z:3 
BALANCES a:60 b:85 c:124 d:29 e:66 f:146 g:185 h:12 i:0 j:239 k:144 l:59 m:146 n:134 o:61 p:118 q:115 r:118 s:18 t:48 u:27 v:62 w:258 x:37 y:24 z:3 
BALANCES a:60 b:97 c:124 d:29 e:66 f:146 g:185 h:12 i:0 j:239 k:132 l:59 m:146 n:134 o:61 p:118 q:115 r:118 s:18 t:48 u:27 v:62 w:258 x:37 y:24 z:3 
BALANCES a:26 b:97 c:124 d:29 e:66 f:146 g:185 h:12 i:0 j:239 k:132 l:59 m:146 n:134 o:61 p:118 q:115 r:118 s:18 t:82 u:27 v:62 w:258 x:37 y:24 z:3 
BALANCES a:26 b:97 c:124 d:29 e:66 f:146 g:185 h:12 i:0 j:239 k:132 l:59 m:146 n:134 o:61 p:105 q:115 r:118 s:18 t:82 u:27 v:75 w:258 x:37 y:24 z:3 
BALANCES a:26 b:97 c:124 d:29 e:66 f:146 g:283 h:12 i:0 j:239 k:132 l:59 m:146 n:134 o:61 p:105 q:115 r:118 s:18 t:82 u:27 v:75 w:258 x:37 y:24 z:3 
BALANCES a:26 b:97 c:124 d:29 e:66 f:146 g:283 h:12 i:0 j:239 k:132 l:59 m:146 n:131 o:64 p:105 q:115 r:118 s:18 t:82 u:27 v:75 w:258 x:37 y:24 z:3 
BALANCES a:26 b:97 c:124 d:29 e:66 f:146 g:301 h:12 i:0 j:239 k:132 l:59 m:146 n:131 o:64 p:105 q:115 r:118 s:18 t:82 u:9 v:75 w:258 x:37 y:24 z:3 
BALANCES a:52 b:97 c:124 d:29 e:66 f:146 g:301 h:12 i:0 j:239 k:132 l:59 m:146 n:131 o:64 p:105 q:115 r:118 s:18 t:56 u:9 v:75 w:258 x:37 y:24 z:3 
BALANCES a:52 b:97 c:124 d:29 e:66 f:146 g:301 h:11 i:0 j:239 k:133 l:59 m:146 n:131 o:64 p:105 q:115 r:118 s:18 t:56 u:9 v:75 w:258 x:37 y:24 z:3 
BALANCES a:52 b:97 c:124 d:29 e:66 f:146 g:301 h:11 i:0 j:239 k:133 l:59 m:146 n:131 o:64 p:105 q:115 r:116 s:18 t:56 u:9 v:77 w:258 x:37 y:24 z:3 
BALANCES a:52 b:97 c:100 d:29 e:66 f:146 g:301 h:11 i:0 j:239 k:157 l:59 m:146 n:131 o:64 p:105 q:115 r:116 s:18 t:56 u:9 v:77 w:258 x:37 y:24 z:3 
BALANCES a:41 b:97 c:100 d:29 e:66 f:146 g:301 h:11 i:0 j:239 k:168 l:59 m:146 n:131 o:64 p:105 q:115 r:116 s:18 t:56 u:9 v:77 w:258 x:37 y:24 z:3 
BALANCES a:41 b:97 c:100 d:29 e:66 f:146 g:301 h:11 i:0 j:239 k:168 l:59 m:146 n:131 o:64 p:105 q:115 r:116 s:18 t:56 u:9 v:77 w:258 x:37 y:27 z:0 
BALANCES a:41 b:97 c:100 d:37 e:66 f:146 g:301 h:11 i:0 j:239 k:168 l:59 m:146 n:131 o:64 p:105 q:115 r:116 s:18 t:56 u:9 v:77 w:258 x:37 y:27 z:0 
BALANCES a:41 b:97 c:100 d:37 e:66 f:146 g:301 h:20 i:0 j:230 k:168 l:59 m:146 n:131 o:64 p:105 q:115 r:116 s:18 t:56 u:9 v:77 w:258 x:37 y:27 z:0 
BALANCES a:71 b:97 c:100 d:37 e:36 f:146 g:301 h:20 i:0 j:230 k:168 l:59 m:146 n:131 o:64 p:105 q:115 r:116 s:18 t:56 u:9 v:77 w:258 x:37 y:27 z:0 
BALANCES a:31 b:97 c:100 d:37 e:36 f:146 g:301 h:20 i:0 j:230 k:168 l:59 m:146 n:131 o:64 p:145 q:115 r:116 s:18 t:56 u:9 v:77 w:258 x:37 y:27 z:0 
BALANCES a:31 b:97 c:100 d:37 e:36 f:146 g:301 h:20 i:0 j:159 k:168 l:59 m:146 n:131 o:64 p:216 q:115 r:116 s:18 t:56 u:9 v:77 w:258 x:37 y:27 z:0 
BALANCES a:31 b:105 c:100 d:37 e:36 f:146 g:301 h:20 i:0 j:159 k:160 l:59 m:146 n:131 o:64 p:216 q:115 r:116 s:18 t:56 u:9 v:77 w:258 x:37 y:27 z:0 
BALANCES a:50 b:105 c:100 d:37 e:36 f:146 g:301 h:20 i:0 j:159 k:160 l:59 m:146 n:112 o:64 p:216 q:115 r:116 s:18 t:56 u:9 v:77 w:258 x:37 y:27 z:0 
BALANCES a:50 b:105 c:96 d:37 e:36 f:150 g:301 h:20 i:0 j:159 k:160 l:59 m:146 n:112 o:64 p:216 q:115 r:116 s:18 t:56 u:9 v:77 w:258 x:37 y:27 z:0 
BALANCES a:50 b:105 c:65 d:37 e:36 f:150 g:301 h:20 i:0 j:159 k:160 l:59 m:146 n:112 o:64 p:216 q:115 r:116 s:18 t:56 u:9 v:108 w:258 x:37 y:27 z:0 
BALANCES a:50 b:105 c:65 d:37 e:36 f:150 g:301 h:20 i:0 j:159 k:160 l:59 m:146 n:112 o:64 p:217 q:115 r:116 s:18 t:56 u:9 v:108 w:258 x:36 y:27 z:0 
BALANCES a:50 b:105 c:65 d:37 e:36 f:150 g:301 h:20 i:0 j:159 k:160 l:59 m:146 n:135 o:41 p:217 q:115 r:116 s:18 t:56 u:9 v:108 w:258 x:36 y:27 z:0 
BALANCES a:50 b:131 c:65 d:37 e:36 f:150 g:301 h:20 i:0 j:159 k:160 l:59 m:146 n:135 o:41 p:217 q:115 r:116 s:18 t:56 u:9 v:108 w:258 x:36 y:27 z:0 
BALANCES a:56 b:131 c:65 d:31 e:36 f:150 g:301 h:20 i:0 j:159 k:160 l:59 m:146 n:135 o:41 p:217 q:115 r:116 s:18 t:56 u:9 v:108 w:258 x:36 y:27 z:0 
BALANCES a:56 b:131 c:66 d:31 e:36 f:150 g:301 h:20 i:0 j:159 k:160 l:59 m:146 n:135 o:41 p:217 q:115 r:116 s:18 t:56 u:9 v:108 w:258 x:36 y:26 z:0 
BALANCES a:56 b:123 c:66 d:31 e:36 f:150 g:301 h:20 i:0 j:159 k:160 l:59 m:146 n:135 o:41 p:217 q:123 r:116 s:18 t:56 u:9 v:108 w:258 x:36 y:26 z:0 
BALANCES a:56 b:123 c:66 d:31 e:36 f:150 g:301 h:20 i:0 j:159 k:160 l:59 m:146 n:136 o:41 p:217 q:123 r:116 s:18 t:56 u:9 v:108 w:258 x:35 y:26 z:0 
BALANCES a:56 b:123 c:66 d:31 e:36 f:150 g:301 h:20 i:0 j:159 k:160 l:59 m:146 n:136 o:47 p:217 q:123 r:116 s:18 t:50 u:9 v:108 w:258 x:35 y:26 z:0 
BALANCES a:56 b:123 c:66 d:31 e:36 f:150 g:301 h:20 i:0 j:159 k:160 l:59 m:146 n:136 o:47 p:217 q:123 r:122 s:18 t:50 u:3 v:108 w:258 x:35 y:26 z:0 
BALANCES a:38 b:123 c:66 d:31 e:36 f:150 g:301 h:20 i:0 j:159 k:160 l:59 m:146 n:136 o:47 p:235 q:123 r:122 s:18 t:50 u:3 v:108 w:258 x:35 y:26 z:0 
BALANCES a:38 b:121 c:66 d:33 e:36 f:150 g:301 h:20 i:0 j:159 k:160 l:59 m:146 n:136 o:47 p:235 q:123 r:122 s:18 t:50 u:3 v:108 w:258 x:35 y:26 z:0 
BALANCES a:38 b:121 c:66 d:37 e:36 f:150 g:301 h:20 i:0 j:159 k:156 l:59 m:146 n:136 o:47 p:235 q:123 r:122 s:18 t:50 u:3 v:108 w:258 x:35 y:26 z:0 
BALANCES a:38 b:121 c:66 d:34 e:36 f:150 g:301 h:20 i:0 j:159 k:156 l:59 m:146 n:136 o:50 p:235 q:123 r:122 s:18 t:50 u:3 v:108 w:258 x:35 y:26 z:0 
BALANCES a:38 b:121 c:66 d:38 e:36 f:150 g:301 h:20 i:0 j:159 k:156 l:59 m:146 n:136 o:50 p:235 q:123 r:122 s:18 t:50 u:3 v:108 w:258 x:31 y:26 z:0 
BALANCES a:38 b:121 c:66 d:38 e:36 f:150 g:301 h:20 i:0 j:159 k:146 l:59 m:146 n:136 o:50 p:235 q:123 r:122 s:18 t:50 u:3 v:108 w:258 x:31 y:26 z:10 
BALANCES a:38 b:121 c:66 d:48 e:36 f:150 g:301 h:20 i:0 j:159 k:146 l:59 m:146 n:136 o:50 p:235 q:113 r:122 s:18 t:50 u:3 v:108 w:258 x:31 y:26 z:10 
BALANCES a:38 b:121 c:66 d:48 e:36 f:150 g:280 h:20 i:0 j:159 k:146 l:59 m:146 n:136 o:50 p:256 q:113 r:122 s:18 t:50 u:3 v:108 w:258 x:31 y:26 z:10 
BALANCES a:38 b:121 c:66 d:48 e:36 f:150 g:280 h:20 i:0 j:159 k:146 l:59 m:146 n:137 o:50 p:256 q:113 r:121 s:18 t:50 u:3 v:108 w:258 x:31 y:26 z:10 
BALANCES a:38 b:121 c:66 d:48 e:36 f:150 g:280 h:20 i:0 j:159 k:146 l:59 m:146 n:137 o:50 p:256 q:113 r:129 s:10 t:50 u:3 v:108 w:258 x:31 y:26 z:10 
BALANCES a:38 b:121 c:66 d:48 e:36 f:32 g:280 h:20 i:0 j:159 k:146 l:59 m:264 n:137 o:50 p:256 q:113 r:129 s:10 t:50 u:3 v:108 w:258 x:31 y:26 z:10 
BALANCES a:38 b:121 c:66 d:48 e:36 f:32 g:328 h:20 i:0 j:159 k:146 l:59 m:264 n:137 o:50 p:256 q:113 r:129 s:10 t:50 u:3 v:108 w:210 x:31 y:26 z:10 
BALANCES a:38 b:121 c:66 d:48 e:36 f:32 g:328 h:20 i:0 j:159 k:146 l:59 m:264 n:137 o:48 p:258 q:113 r:129 s:10 t:50 u:3 v:108 w:210 x:31 y:26 z:10 
BALANCES a:38 b:121 c:66 d:48 e:36 f:32 g:328 h:20 i:0 j:159 k:170 l:59 m:264 n:137 o:48 p:258 q:113 r:129 s:10 t:50 u:3 v:84 w:210 x:31 y:26 z:10 
BALANCES a:38 b:121 c:66 d:48 e:36 f:32 g:328 h:20 i:0 j:159 k:170 l:59 m:264 n:137 o:129 p:258 q:113 r:129 s:10 t:50 u:3 v:84 w:210 x:31 y:26 z:10 
BALANCES a:20 b:121 c:66 d:48 e:36 f:32 g:328 h:20 i:0 j:159 k:170 l:59 m:282 n:137 o:129 p:258 q:113 r:129 s:10 t:50 u:3 v:84 w:210 x:31 y:26 z:10 
BALANCES a:20 b:121 c:66 d:48 e:36 f:32 g:328 h:20 i:0 j:159 k:170 l:59 m:282 n:137 o:129 p:258 q:113 r:129 s:33 t:50 u:3 v:84 w:210 x:31 y:26 z:10 
BALANCES a:20 b:121 c:66 d:48 e:36 f:32 g:328 h:20 i:0 j:159 k:170 l:59 m:282 n:137 o:129 p:258 q:113 r:129 s:33 t:50 u:3 v:84 w:216 x:31 y:20 z:10 
BALANCES a:20 b:121 c:66 d:48 e:36 f:32 g:328 h:20 i:0 j:159 k:170 l:59 m:282 n:56 o:129 p:258 q:113 r:129 s:33 t:131 u:3 v:84 w:216 x:31 y:20 z:10 
BALANCES a:20 b:121 c:49 d:48 e:36 f:32 g:345 h:20 i:0 j:159 k:170 l:59 m:282 n:56 o:129 p:258 q:113 r:129 s:33 t:131 u:3 v:84 w:216 x:31 y:20 z:10 
BALANCES a:20 b:121 c:49 d:48 e:36 f:38 g:345 h:20 i:0 j:159 k:170 l:59 m:282 n:56 o:129 p:258 q:113 r:129 s:33 t:131 u:3 v:78 w:216 x:31 y:20 z:10 
BALANCES a:11 b:121 c:49 d:48 e:45 f:38 g:345 h:20 i:0 j:159 k:170 l:59 m:282 n:56 o:129 p:258 q:113 r:129 s:33 t:131 u:3 v:78 w:216 x:31 y:20 z:10 
BALANCES a:11 b:121 c:49 d:48 e:45 f:38 g:345 h:20 i:0 j:159 k:170 l:59 m:282 n:56 o:129 p:258 q:113 r:129 s:33 t:131 u:79 v:78 w:216 x:31 y:20 z:10 
BALANCES a:11 b:121 c:49 d:48 e:45 f:38 g:345 h:20 i:34 j:159 k:170 l:59 m:282 n:56 o:129 p:258 q:113 r:129 s:33 t:131 u:79 v:78 w:216 x:31 y:20 z:10 
BALANCES a:11 b:121 c:49 d:48 e:45 f:38 g:345 h:20 i:34 j:159 k:170 l:67 m:282 n:56 o:129 p:258 q:113 r:121 s:33 t:131 u:79 v:78 w:216 x:31 y:20 z:10 
BALANCES a:11 b:121 c:47 d:48 e:45 f:38 g:345 h:20 i:34 j:159 k:170 l:69 m:282 n:56 o:129 p:258 q:113 r:121 s:33 t:131 u:79 v:78 w:216 x:31 y:20 z:10 
BALANCES a:11 b:121 c:47 d:48 e:45 f:38 g:345 h:20 i:34 j:179 k:170 l:69 m:282 n:56 o:129 p:258 q:113 r:121 s:13 t:131 u:79 v:78 w:216 x:31 y:20 z:10 
BALANCES a:11 b:121 c:47 d:48 e:45 f:38 g:345 h:20 i:34 j:179 k:170 l:77 m:274 n:56 o:129 p:258 q:113 r:121 s:13 t:131 u:79 v:78 w:216 x:31 y:20 z:10 
BALANCES a:11 b:121 c:48 d:48 e:45 f:38 g:345 h:20 i:34 j:179 k:170 l:77 m:274 n:56 o:129 p:257 q:113 r:121 s:13 t:131 u:79 v:78 w:216 x:31 y:20 z:10 
BALANCES a:11 b:121 c:48 d:48 e:45 f:38 g:345 h:20 i:19 j:179 k:170 l:77 m:274 n:56 o:129 p:257 q:113 r:121 s:13 t:131 u:79 v:78 w:216 x:46 y:20 z:10 
BALANCES a:11 b:121 c:48 d:48 e:45 f:38 g:345 h:20 i:19 j:179 k:170 l:77 m:274 n:56 o:129 p:257 q:104 r:121 s:13 t:140 u:79 v:78 w:216 x:46 y:20 z:10 
BALANCES a:11 b:121 c:48 d:48 e:45 f:38 g:251 h:20 i:19 j:179 k:170 l:77 m:274 n:56 o:129 p:257 q:104 r:121 s:13 t:140 u:79 v:78 w:216 x:140 y:20 z:10 
BALANCES a:11 b:121 c:110 d:48 e:45 f:38 g:251 h:20 i:19 j:179 k:170 l:77 m:274 n:56 o:129 p:257 q:42 r:121 s:13 t:140 u:79 v:78 w:216 x:140 y:20 z:10 
BALANCES a:11 b:121 c:110 d:48 e:45 f:34 g:251 h:20 i:19 j:183 k:170 l:77 m:274 n:56 o:129 p:257 q:42 r:121 s:13 t:140 u:79 v:78 w:216 x:140 y:20 z:10 
BALANCES a:11 b:121 c:110 d:48 e:45 f:34 g:251 h:35 i:19 j:183 k:170 l:77 m:274 n:56 o:114 p:257 q:42 r:121 s:13 t:140 u:79 v:78 w:216 x:140 y:20 z:10 
BALANCES a:11 b:121 c:110 d:48 e:45 f:34 g:251 h:35 i:19 j:183 k:170 l:77 m:274 n:56 o:114 p:257 q:42 r:121 s:13 t:140 u:79 v:78 w:216 x:125 y:35 z:10 
BALANCES a:11 b:121 c:110 d:48 e:45 f:34 g:251 h:35 i:19 j:165 k:170 l:77 m:274 n:56 o:114 p:257 q:42 r:121 s:13 t:140 u:79 v:96 w:216 x:125 y:35 z:10 
BALANCES a:94 b:121 c:110 d:48 e:45 f:34 g:251 h:35 i:19 j:165 k:170 l:77 m:274 n:56 o:114 p:174 q:42 r:121 s:13 t:140 u:79 v:96 w:216 x:125 y:35 z:10 
BALANCES a:94 b:121 c:110 d:48 e:45 f:34 g:142 h:35 i:19 j:165 k:170 l:77 m:274 n:56 o:114 p:174 q:42 r:121 s:122 t:140 u:79 v:96 w:216 x:125 y:35 z:10 
BALANCES a:94 b:121 c:180 d:48 e:45 f:34 g:142 h:35 i:19 j:165 k:170 l:77 m:274 n:56 o:44 p:174 q:42 r:121 s:122 t:140 u:79 v:96 w:216 x:125 y:35 z:10 
BALANCES a:94 b:121 c:180 d:48 e:45 f:34 g:142 h:35 i:55 j:165 k:170 l:77 m:274 n:56 o:44 p:174 q:42 r:121 s:122 t:140 u:79 v:96 w:216 x:125 y:35 z:10 
BALANCES a:94 b:121 c:180 d:48 e:76 f:34 g:142 h:35 i:55 j:165 k:170 l:77 m:274 n:56 o:44 p:174 q:42 r:90 s:122 t:140 u:79 v:96 w:216 x:125 y:35 z:10 
